<?xml version="1.0" encoding="utf-8"?><testsuite errors="0" failures="0" name="pytest" skips="0" tests="17" time="0.074"><testcase classname="test.test_create.TestCreateTables" file="test/test_create.py" line="30" name="test_games_table" time="0.0007646083831787109"></testcase><testcase classname="test.test_create.TestCreateTables" file="test/test_create.py" line="10" name="test_leagues_table" time="0.0006687641143798828"></testcase><testcase classname="test.test_create.TestCreateTables" file="test/test_create.py" line="23" name="test_players_table" time="0.00063323974609375"></testcase><testcase classname="test.test_create.TestCreateTables" file="test/test_create.py" line="37" name="test_team_games_table" time="0.0007309913635253906"></testcase><testcase classname="test.test_create.TestCreateTables" file="test/test_create.py" line="16" name="test_teams_table" time="0.0006234645843505859"></testcase><testcase classname="test.test_insert.TestInsertData" file="test/test_insert.py" line="24" name="test_games_insert" time="0.0006558895111083984"></testcase><testcase classname="test.test_insert.TestInsertData" file="test/test_insert.py" line="11" name="test_leagues_insert" time="0.0006010532379150391"></testcase><testcase classname="test.test_insert.TestInsertData" file="test/test_insert.py" line="17" name="test_players_insert" time="0.0006656646728515625"></testcase><testcase classname="test.test_insert.TestInsertData" file="test/test_insert.py" line="27" name="test_team_games_insert" time="0.0006854534149169922"></testcase><testcase classname="test.test_insert.TestInsertData" file="test/test_insert.py" line="14" name="test_teams_insert" time="0.000598907470703125"></testcase><testcase classname="test.test_queries.TestSQLQueries" file="test/test_queries.py" line="23" name="test_select_all_games_date_and_info_teams_name_and_score_for_teams_in_nhl" time="0.0007266998291015625"></testcase><testcase classname="test.test_queries.TestSQLQueries" file="test/test_queries.py" line="15" name="test_select_all_new_york_players_names" time="0.0006494522094726562"></testcase><testcase classname="test.test_queries.TestSQLQueries" file="test/test_queries.py" line="27" name="test_select_date_info_and_total_points_for_highest_scoring_nba_game" time="0.0009047985076904297"></testcase><testcase classname="test.test_queries.TestSQLQueries" file="test/test_queries.py" line="11" name="test_select_name_of_player_with_shortest_name" time="0.0006756782531738281"></testcase><testcase classname="test.test_queries.TestSQLQueries" file="test/test_queries.py" line="19" name="test_select_team_name_and_total_goals_scored_for_new_york_rangers" time="0.0006299018859863281"></testcase><testcase classname="test.test_update.TestUpdateTables" file="test/test_update.py" line="15" name="test_chad_ochocinco" time="0.0006611347198486328"></testcase><testcase classname="test.test_update.TestUpdateTables" file="test/test_update.py" line="12" name="test_metta_world_peace" time="0.0006492137908935547"></testcase></testsuite>